[2025-03-24 14:15:56,276: INFO: main: Welcome to our custom logging data science]
[2025-03-24 17:01:44,465: INFO: common: yaml file: config\config.yaml loaded successfully]
[2025-03-24 17:01:44,494: INFO: common: yaml file: params.yaml loaded successfully]
[2025-03-24 17:01:44,503: INFO: common: yaml file: schema.yaml loaded successfully]
[2025-03-24 17:01:44,508: INFO: common: created directory at: artifacts]
[2025-03-24 17:01:44,514: INFO: common: created directory at: artifacts/data_ingestion]
[2025-03-24 17:01:47,581: INFO: 3741232032: artifacts/data_ingestion/data.zip download! with following info: 
Connection: close
Content-Length: 23329
Cache-Control: max-age=300
Content-Security-Policy: default-src 'none'; style-src 'unsafe-inline'; sandbox
Content-Type: application/zip
ETag: "c69888a4ae59bc5a893392785a938ccd4937981c06ba8a9d6a21aa52b4ab5b6e"
Strict-Transport-Security: max-age=31536000
X-Content-Type-Options: nosniff
X-Frame-Options: deny
X-XSS-Protection: 1; mode=block
X-GitHub-Request-Id: DE3F:299A38:1FC97:40775:67E142A4
Accept-Ranges: bytes
Date: Mon, 24 Mar 2025 11:31:48 GMT
Via: 1.1 varnish
X-Served-By: cache-maa10231-MAA
X-Cache: MISS
X-Cache-Hits: 0
X-Timer: S1742815909.504976,VS0,VE269
Vary: Authorization,Accept-Encoding,Origin
Access-Control-Allow-Origin: *
Cross-Origin-Resource-Policy: cross-origin
X-Fastly-Request-ID: 4ec5acccb7461d298d6866d389f52144150d6ebe
Expires: Mon, 24 Mar 2025 11:36:48 GMT
Source-Age: 0

]
[2025-03-24 17:27:39,611: INFO: main: >>>>>> stage Data Ingestion stage started <<<<<]
[2025-03-24 17:27:39,615: INFO: common: yaml file: config\config.yaml loaded successfully]
[2025-03-24 17:27:39,621: INFO: common: yaml file: params.yaml loaded successfully]
[2025-03-24 17:27:39,623: INFO: common: yaml file: schema.yaml loaded successfully]
[2025-03-24 17:27:39,626: INFO: common: created directory at: artifacts]
[2025-03-24 17:27:39,630: INFO: common: created directory at: artifacts/data_ingestion]
[2025-03-24 17:27:41,112: INFO: data_ingestion: artifacts/data_ingestion/data.zip download! with following info: 
Connection: close
Content-Length: 23329
Cache-Control: max-age=300
Content-Security-Policy: default-src 'none'; style-src 'unsafe-inline'; sandbox
Content-Type: application/zip
ETag: "c69888a4ae59bc5a893392785a938ccd4937981c06ba8a9d6a21aa52b4ab5b6e"
Strict-Transport-Security: max-age=31536000
X-Content-Type-Options: nosniff
X-Frame-Options: deny
X-XSS-Protection: 1; mode=block
X-GitHub-Request-Id: DE3F:299A38:1FC97:40775:67E142A4
Accept-Ranges: bytes
Date: Mon, 24 Mar 2025 11:57:42 GMT
Via: 1.1 varnish
X-Served-By: cache-maa10224-MAA
X-Cache: HIT
X-Cache-Hits: 0
X-Timer: S1742817462.024806,VS0,VE276
Vary: Authorization,Accept-Encoding,Origin
Access-Control-Allow-Origin: *
Cross-Origin-Resource-Policy: cross-origin
X-Fastly-Request-ID: b3bf97653103fab361e712b3a0f0a901496612c0
Expires: Mon, 24 Mar 2025 12:02:42 GMT
Source-Age: 0

]
[2025-03-24 17:27:41,150: INFO: main: >>>>> stage Data Ingestion stage completed <<<<<

x======x]
[2025-03-25 05:30:30,690: INFO: common: yaml file: config\config.yaml loaded successfully]
[2025-03-25 05:30:30,705: INFO: common: yaml file: params.yaml loaded successfully]
[2025-03-25 05:30:30,722: INFO: common: yaml file: schema.yaml loaded successfully]
[2025-03-25 05:30:30,726: INFO: common: created directory at: artifacts]
[2025-03-25 05:32:00,542: INFO: common: yaml file: config\config.yaml loaded successfully]
[2025-03-25 05:32:00,545: INFO: common: yaml file: params.yaml loaded successfully]
[2025-03-25 05:32:00,548: INFO: common: yaml file: schema.yaml loaded successfully]
[2025-03-25 05:32:00,551: INFO: common: created directory at: artifacts]
[2025-03-25 05:33:22,979: INFO: common: yaml file: config\config.yaml loaded successfully]
[2025-03-25 05:33:22,982: INFO: common: yaml file: params.yaml loaded successfully]
[2025-03-25 05:33:22,986: INFO: common: yaml file: schema.yaml loaded successfully]
[2025-03-25 05:33:22,988: INFO: common: created directory at: artifacts]
[2025-03-25 05:37:04,133: INFO: common: yaml file: config\config.yaml loaded successfully]
[2025-03-25 05:37:04,136: INFO: common: yaml file: params.yaml loaded successfully]
[2025-03-25 05:37:04,139: INFO: common: yaml file: schema.yaml loaded successfully]
[2025-03-25 05:37:04,141: INFO: common: created directory at: artifacts]
[2025-03-25 05:41:29,411: INFO: common: yaml file: config\config.yaml loaded successfully]
[2025-03-25 05:41:29,413: INFO: common: yaml file: params.yaml loaded successfully]
[2025-03-25 05:41:29,427: INFO: common: yaml file: schema.yaml loaded successfully]
[2025-03-25 05:41:29,429: INFO: common: created directory at: artifacts]
[2025-03-25 05:41:29,431: INFO: common: created directory at: artifacts/data_validation]
[2025-03-25 06:03:15,684: INFO: main: >>>>>> stage Data Ingestion stage started <<<<<]
[2025-03-25 06:03:15,691: INFO: common: yaml file: config\config.yaml loaded successfully]
[2025-03-25 06:03:15,695: INFO: common: yaml file: params.yaml loaded successfully]
[2025-03-25 06:03:15,703: INFO: common: yaml file: schema.yaml loaded successfully]
[2025-03-25 06:03:15,706: INFO: common: created directory at: artifacts]
[2025-03-25 06:03:15,706: INFO: common: created directory at: artifacts/data_ingestion]
[2025-03-25 06:03:15,706: INFO: data_ingestion: File already exists]
[2025-03-25 06:03:15,723: INFO: main: >>>>> stage Data Ingestion stage completed <<<<<

x======x]
[2025-03-25 06:03:15,723: INFO: main: >>>>>> stage Data Validation stage started <<<<<]
[2025-03-25 06:03:15,731: INFO: common: yaml file: config\config.yaml loaded successfully]
[2025-03-25 06:03:15,739: INFO: common: yaml file: params.yaml loaded successfully]
[2025-03-25 06:03:15,752: INFO: common: yaml file: schema.yaml loaded successfully]
[2025-03-25 06:03:15,754: INFO: common: created directory at: artifacts]
[2025-03-25 06:03:15,755: INFO: common: created directory at: artifacts/data_validation]
[2025-03-25 06:03:15,818: INFO: main: >>>>> stage Data Validation stage completed <<<<<

x======x]
[2025-03-25 06:23:28,648: INFO: common: yaml file: config\config.yaml loaded successfully]
[2025-03-25 06:23:28,652: INFO: common: yaml file: params.yaml loaded successfully]
[2025-03-25 06:23:28,662: INFO: common: yaml file: schema.yaml loaded successfully]
[2025-03-25 06:23:28,665: INFO: common: created directory at: artifacts]
[2025-03-25 06:29:09,372: INFO: common: yaml file: config\config.yaml loaded successfully]
[2025-03-25 06:29:09,375: INFO: common: yaml file: params.yaml loaded successfully]
[2025-03-25 06:29:09,384: INFO: common: yaml file: schema.yaml loaded successfully]
[2025-03-25 06:29:09,387: INFO: common: created directory at: artifacts]
[2025-03-25 06:29:09,430: INFO: common: created directory at: artifacts/data_transformation]
[2025-03-25 06:29:09,492: INFO: 2900865799: Splited data into training and test sets]
[2025-03-25 06:29:09,496: INFO: 2900865799: (1199, 12)]
[2025-03-25 06:29:09,497: INFO: 2900865799: (400, 12)]
[2025-03-25 06:43:17,780: INFO: main: >>>>>> stage Data Ingestion stage started <<<<<]
[2025-03-25 06:43:17,786: INFO: common: yaml file: config\config.yaml loaded successfully]
[2025-03-25 06:43:17,789: INFO: common: yaml file: params.yaml loaded successfully]
[2025-03-25 06:43:17,796: INFO: common: yaml file: schema.yaml loaded successfully]
[2025-03-25 06:43:17,797: INFO: common: created directory at: artifacts]
[2025-03-25 06:43:17,797: INFO: common: created directory at: artifacts/data_ingestion]
[2025-03-25 06:43:17,797: INFO: data_ingestion: File already exists]
[2025-03-25 06:43:17,806: INFO: main: >>>>> stage Data Ingestion stage completed <<<<<

x======x]
[2025-03-25 06:43:17,807: INFO: main: >>>>>> stage Data Validation stage started <<<<<]
[2025-03-25 06:43:17,813: INFO: common: yaml file: config\config.yaml loaded successfully]
[2025-03-25 06:43:17,818: INFO: common: yaml file: params.yaml loaded successfully]
[2025-03-25 06:43:17,822: INFO: common: yaml file: schema.yaml loaded successfully]
[2025-03-25 06:43:17,825: INFO: common: created directory at: artifacts]
[2025-03-25 06:43:17,826: INFO: common: created directory at: artifacts/data_validation]
[2025-03-25 06:43:17,860: INFO: main: >>>>> stage Data Validation stage completed <<<<<

x======x]
[2025-03-25 06:43:17,862: INFO: main: >>>>>> stage Data Transformation stage started <<<<<<]
[2025-03-25 06:43:17,880: INFO: common: yaml file: config\config.yaml loaded successfully]
[2025-03-25 06:43:17,884: INFO: common: yaml file: params.yaml loaded successfully]
[2025-03-25 06:43:17,889: INFO: common: yaml file: schema.yaml loaded successfully]
[2025-03-25 06:43:17,891: INFO: common: created directory at: artifacts]
[2025-03-25 06:43:17,893: INFO: common: created directory at: artifacts/data_transformation]
[2025-03-25 06:43:17,936: INFO: data_transformation: Splited data into training and test sets]
[2025-03-25 06:43:17,936: INFO: data_transformation: (1199, 12)]
[2025-03-25 06:43:17,936: INFO: data_transformation: (400, 12)]
[2025-03-25 06:43:17,942: INFO: main: >>>>>> stage Data Transformation stage completed <<<<<<

x==========x]
[2025-03-25 06:49:15,575: INFO: common: yaml file: config\config.yaml loaded successfully]
[2025-03-25 06:49:15,580: INFO: common: yaml file: params.yaml loaded successfully]
[2025-03-25 06:49:15,588: INFO: common: yaml file: schema.yaml loaded successfully]
[2025-03-25 06:49:15,595: INFO: common: created directory at: artifacts]
[2025-03-25 06:57:19,034: INFO: common: yaml file: config\config.yaml loaded successfully]
[2025-03-25 06:57:19,058: INFO: common: yaml file: params.yaml loaded successfully]
[2025-03-25 06:57:19,070: INFO: common: yaml file: schema.yaml loaded successfully]
[2025-03-25 06:57:19,076: INFO: common: created directory at: artifacts]
[2025-03-25 06:57:19,080: INFO: common: created directory at: artifacts/model_trainer]
[2025-03-25 07:12:37,699: INFO: main: >>>>>> stage Data Ingestion stage started <<<<<]
[2025-03-25 07:12:37,708: INFO: common: yaml file: config\config.yaml loaded successfully]
[2025-03-25 07:12:37,712: INFO: common: yaml file: params.yaml loaded successfully]
[2025-03-25 07:12:37,719: INFO: common: yaml file: schema.yaml loaded successfully]
[2025-03-25 07:12:37,720: INFO: common: created directory at: artifacts]
[2025-03-25 07:12:37,721: INFO: common: created directory at: artifacts/data_ingestion]
[2025-03-25 07:12:37,723: INFO: data_ingestion: File already exists]
[2025-03-25 07:12:37,730: INFO: main: >>>>> stage Data Ingestion stage completed <<<<<

x======x]
[2025-03-25 07:12:37,731: INFO: main: >>>>>> stage Data Validation stage started <<<<<]
[2025-03-25 07:12:37,740: INFO: common: yaml file: config\config.yaml loaded successfully]
[2025-03-25 07:12:37,744: INFO: common: yaml file: params.yaml loaded successfully]
[2025-03-25 07:12:37,751: INFO: common: yaml file: schema.yaml loaded successfully]
[2025-03-25 07:12:37,753: INFO: common: created directory at: artifacts]
[2025-03-25 07:12:37,754: INFO: common: created directory at: artifacts/data_validation]
[2025-03-25 07:12:37,794: INFO: main: >>>>> stage Data Validation stage completed <<<<<

x======x]
[2025-03-25 07:12:37,794: INFO: main: >>>>>> stage Data Transformation stage started <<<<<<]
[2025-03-25 07:12:37,802: INFO: common: yaml file: config\config.yaml loaded successfully]
[2025-03-25 07:12:37,810: INFO: common: yaml file: params.yaml loaded successfully]
[2025-03-25 07:12:37,816: INFO: common: yaml file: schema.yaml loaded successfully]
[2025-03-25 07:12:37,818: INFO: common: created directory at: artifacts]
[2025-03-25 07:12:37,820: INFO: common: created directory at: artifacts/data_transformation]
[2025-03-25 07:12:37,869: INFO: data_transformation: Splited data into training and test sets]
[2025-03-25 07:12:37,869: INFO: data_transformation: (1199, 12)]
[2025-03-25 07:12:37,869: INFO: data_transformation: (400, 12)]
[2025-03-25 07:12:37,874: INFO: main: >>>>>> stage Data Transformation stage completed <<<<<<

x==========x]
[2025-03-25 07:12:37,874: INFO: main: >>>>>> stage Model Trainer stage started <<<<<<]
[2025-03-25 07:12:37,884: INFO: common: yaml file: config\config.yaml loaded successfully]
[2025-03-25 07:12:37,888: INFO: common: yaml file: params.yaml loaded successfully]
[2025-03-25 07:12:37,893: INFO: common: yaml file: schema.yaml loaded successfully]
[2025-03-25 07:12:37,896: INFO: common: created directory at: artifacts]
[2025-03-25 07:12:37,897: INFO: common: created directory at: artifacts/model_trainer]
[2025-03-25 07:12:37,950: INFO: main: >>>>>> stage Model Trainer stage completed <<<<<<

x==========x]
[2025-03-25 15:45:21,757: INFO: common: yaml file: config\config.yaml loaded successfully]
[2025-03-25 15:45:21,790: INFO: common: yaml file: params.yaml loaded successfully]
[2025-03-25 15:45:21,831: INFO: common: yaml file: schema.yaml loaded successfully]
[2025-03-25 15:45:21,839: INFO: common: created directory at: artifacts]
[2025-03-25 15:45:21,844: INFO: common: created directory at: artifacts/model_evaluation]
[2025-03-25 15:45:24,373: INFO: common: json file saved at: artifacts\model_evaluation\metrics.json]
[2025-03-25 15:56:12,944: INFO: main: >>>>>> stage Data Ingestion stage started <<<<<]
[2025-03-25 15:56:12,994: INFO: common: yaml file: config\config.yaml loaded successfully]
[2025-03-25 15:56:12,997: INFO: common: yaml file: params.yaml loaded successfully]
[2025-03-25 15:56:13,004: INFO: common: yaml file: schema.yaml loaded successfully]
[2025-03-25 15:56:13,006: INFO: common: created directory at: artifacts]
[2025-03-25 15:56:13,008: INFO: common: created directory at: artifacts/data_ingestion]
[2025-03-25 15:56:13,010: INFO: data_ingestion: File already exists]
[2025-03-25 15:56:13,042: INFO: main: >>>>> stage Data Ingestion stage completed <<<<<

x======x]
[2025-03-25 15:56:13,044: INFO: main: >>>>>> stage Data Validation stage started <<<<<]
[2025-03-25 15:56:13,056: INFO: common: yaml file: config\config.yaml loaded successfully]
[2025-03-25 15:56:13,058: INFO: common: yaml file: params.yaml loaded successfully]
[2025-03-25 15:56:13,067: INFO: common: yaml file: schema.yaml loaded successfully]
[2025-03-25 15:56:13,067: INFO: common: created directory at: artifacts]
[2025-03-25 15:56:13,071: INFO: common: created directory at: artifacts/data_validation]
[2025-03-25 15:56:13,110: INFO: main: >>>>> stage Data Validation stage completed <<<<<

x======x]
[2025-03-25 15:56:13,110: INFO: main: >>>>>> stage Data Transformation stage started <<<<<<]
[2025-03-25 15:56:13,135: INFO: common: yaml file: config\config.yaml loaded successfully]
[2025-03-25 15:56:13,137: INFO: common: yaml file: params.yaml loaded successfully]
[2025-03-25 15:56:13,144: INFO: common: yaml file: schema.yaml loaded successfully]
[2025-03-25 15:56:13,144: INFO: common: created directory at: artifacts]
[2025-03-25 15:56:13,147: INFO: common: created directory at: artifacts/data_transformation]
[2025-03-25 15:56:13,189: INFO: data_transformation: Splited data into training and test sets]
[2025-03-25 15:56:13,193: INFO: data_transformation: (1199, 12)]
[2025-03-25 15:56:13,194: INFO: data_transformation: (400, 12)]
[2025-03-25 15:56:13,196: INFO: main: >>>>>> stage Data Transformation stage completed <<<<<<

x==========x]
[2025-03-25 15:56:13,196: INFO: main: >>>>>> stage Model Trainer stage started <<<<<<]
[2025-03-25 15:56:13,205: INFO: common: yaml file: config\config.yaml loaded successfully]
[2025-03-25 15:56:13,205: INFO: common: yaml file: params.yaml loaded successfully]
[2025-03-25 15:56:13,215: INFO: common: yaml file: schema.yaml loaded successfully]
[2025-03-25 15:56:13,215: INFO: common: created directory at: artifacts]
[2025-03-25 15:56:13,220: INFO: common: created directory at: artifacts/model_trainer]
[2025-03-25 15:56:13,285: INFO: main: >>>>>> stage Model Trainer stage completed <<<<<<

x==========x]
[2025-03-25 15:56:13,285: INFO: main: >>>>>> stage Model evaluation stage started <<<<<<]
[2025-03-25 15:56:13,298: INFO: common: yaml file: config\config.yaml loaded successfully]
[2025-03-25 15:56:13,303: INFO: common: yaml file: params.yaml loaded successfully]
[2025-03-25 15:56:13,306: INFO: common: yaml file: schema.yaml loaded successfully]
[2025-03-25 15:56:13,309: INFO: common: created directory at: artifacts]
[2025-03-25 15:56:13,309: INFO: common: created directory at: artifacts/model_evaluation]
[2025-03-25 15:56:15,205: INFO: common: json file saved at: artifacts\model_evaluation\metrics.json]
[2025-03-25 15:56:28,573: INFO: main: >>>>>> stage Model evaluation stage completed <<<<<<

x==========x]
[2025-03-25 16:01:25,596: INFO: main: >>>>>> stage Data Ingestion stage started <<<<<]
[2025-03-25 16:01:25,606: INFO: common: yaml file: config\config.yaml loaded successfully]
[2025-03-25 16:01:25,612: INFO: common: yaml file: params.yaml loaded successfully]
[2025-03-25 16:01:25,617: INFO: common: yaml file: schema.yaml loaded successfully]
[2025-03-25 16:01:25,621: INFO: common: created directory at: artifacts]
[2025-03-25 16:01:25,623: INFO: common: created directory at: artifacts/data_ingestion]
[2025-03-25 16:01:25,623: INFO: data_ingestion: File already exists]
[2025-03-25 16:01:25,632: INFO: main: >>>>> stage Data Ingestion stage completed <<<<<

x======x]
[2025-03-25 16:01:25,637: INFO: main: >>>>>> stage Data Validation stage started <<<<<]
[2025-03-25 16:01:25,652: INFO: common: yaml file: config\config.yaml loaded successfully]
[2025-03-25 16:01:25,653: INFO: common: yaml file: params.yaml loaded successfully]
[2025-03-25 16:01:25,663: INFO: common: yaml file: schema.yaml loaded successfully]
[2025-03-25 16:01:25,663: INFO: common: created directory at: artifacts]
[2025-03-25 16:01:25,663: INFO: common: created directory at: artifacts/data_validation]
[2025-03-25 16:01:25,706: INFO: main: >>>>> stage Data Validation stage completed <<<<<

x======x]
[2025-03-25 16:01:25,706: INFO: main: >>>>>> stage Data Transformation stage started <<<<<<]
[2025-03-25 16:01:25,768: INFO: common: yaml file: config\config.yaml loaded successfully]
[2025-03-25 16:01:25,801: INFO: common: yaml file: params.yaml loaded successfully]
[2025-03-25 16:01:25,813: INFO: common: yaml file: schema.yaml loaded successfully]
[2025-03-25 16:01:25,813: INFO: common: created directory at: artifacts]
[2025-03-25 16:01:25,816: INFO: common: created directory at: artifacts/data_transformation]
[2025-03-25 16:01:25,866: INFO: data_transformation: Splited data into training and test sets]
[2025-03-25 16:01:25,866: INFO: data_transformation: (1199, 12)]
[2025-03-25 16:01:25,866: INFO: data_transformation: (400, 12)]
[2025-03-25 16:01:25,868: INFO: main: >>>>>> stage Data Transformation stage completed <<<<<<

x==========x]
[2025-03-25 16:01:25,868: INFO: main: >>>>>> stage Model Trainer stage started <<<<<<]
[2025-03-25 16:01:25,876: INFO: common: yaml file: config\config.yaml loaded successfully]
[2025-03-25 16:01:25,882: INFO: common: yaml file: params.yaml loaded successfully]
[2025-03-25 16:01:25,883: INFO: common: yaml file: schema.yaml loaded successfully]
[2025-03-25 16:01:25,883: INFO: common: created directory at: artifacts]
[2025-03-25 16:01:25,892: INFO: common: created directory at: artifacts/model_trainer]
[2025-03-25 16:01:25,956: INFO: main: >>>>>> stage Model Trainer stage completed <<<<<<

x==========x]
[2025-03-25 16:01:25,956: INFO: main: >>>>>> stage Model evaluation stage started <<<<<<]
[2025-03-25 16:01:25,967: INFO: common: yaml file: config\config.yaml loaded successfully]
[2025-03-25 16:01:25,972: INFO: common: yaml file: params.yaml loaded successfully]
[2025-03-25 16:01:25,974: INFO: common: yaml file: schema.yaml loaded successfully]
[2025-03-25 16:01:25,979: INFO: common: created directory at: artifacts]
[2025-03-25 16:01:25,981: INFO: common: created directory at: artifacts/model_evaluation]
[2025-03-25 16:01:28,829: INFO: common: json file saved at: artifacts\model_evaluation\metrics.json]
[2025-03-25 16:02:05,269: INFO: main: >>>>>> stage Model evaluation stage completed <<<<<<

x==========x]
[2025-03-25 16:39:45,371: INFO: _internal: [31m[1mWARNING: This is a development server. Do not use it in a production deployment. Use a production WSGI server instead.[0m
 * Running on all addresses (0.0.0.0)
 * Running on http://127.0.0.1:8080
 * Running on http://192.168.148.133:8080]
[2025-03-25 16:39:45,373: INFO: _internal: [33mPress CTRL+C to quit[0m]
[2025-03-25 16:41:57,476: INFO: _internal: 192.168.148.133 - - [25/Mar/2025 16:41:57] "GET / HTTP/1.1" 200 -]
[2025-03-25 16:41:57,508: INFO: _internal: 192.168.148.133 - - [25/Mar/2025 16:41:57] "[33mGET /static/assets/img/form-v9.jpg HTTP/1.1[0m" 404 -]
[2025-03-25 16:41:57,553: INFO: _internal: 192.168.148.133 - - [25/Mar/2025 16:41:57] "[33mGET /favicon.ico HTTP/1.1[0m" 404 -]
[2025-03-25 16:42:22,963: INFO: main: >>>>>> stage Data Ingestion stage started <<<<<]
[2025-03-25 16:42:22,967: INFO: common: yaml file: config\config.yaml loaded successfully]
[2025-03-25 16:42:22,973: INFO: common: yaml file: params.yaml loaded successfully]
[2025-03-25 16:42:22,976: INFO: common: yaml file: schema.yaml loaded successfully]
[2025-03-25 16:42:22,977: INFO: common: created directory at: artifacts]
[2025-03-25 16:42:22,978: INFO: common: created directory at: artifacts/data_ingestion]
[2025-03-25 16:42:22,978: INFO: data_ingestion: File already exists]
[2025-03-25 16:42:22,984: INFO: main: >>>>> stage Data Ingestion stage completed <<<<<

x======x]
[2025-03-25 16:42:22,984: INFO: main: >>>>>> stage Data Validation stage started <<<<<]
[2025-03-25 16:42:22,998: INFO: common: yaml file: config\config.yaml loaded successfully]
[2025-03-25 16:42:23,000: INFO: common: yaml file: params.yaml loaded successfully]
[2025-03-25 16:42:23,003: INFO: common: yaml file: schema.yaml loaded successfully]
[2025-03-25 16:42:23,004: INFO: common: created directory at: artifacts]
[2025-03-25 16:42:23,005: INFO: common: created directory at: artifacts/data_validation]
[2025-03-25 16:42:23,021: INFO: main: >>>>> stage Data Validation stage completed <<<<<

x======x]
[2025-03-25 16:42:23,021: INFO: main: >>>>>> stage Data Transformation stage started <<<<<<]
[2025-03-25 16:42:23,033: INFO: common: yaml file: config\config.yaml loaded successfully]
[2025-03-25 16:42:23,035: INFO: common: yaml file: params.yaml loaded successfully]
[2025-03-25 16:42:23,038: INFO: common: yaml file: schema.yaml loaded successfully]
[2025-03-25 16:42:23,039: INFO: common: created directory at: artifacts]
[2025-03-25 16:42:23,039: INFO: common: created directory at: artifacts/data_transformation]
[2025-03-25 16:42:23,055: INFO: data_transformation: Splited data into training and test sets]
[2025-03-25 16:42:23,055: INFO: data_transformation: (1199, 12)]
[2025-03-25 16:42:23,055: INFO: data_transformation: (400, 12)]
[2025-03-25 16:42:23,061: INFO: main: >>>>>> stage Data Transformation stage completed <<<<<<

x==========x]
[2025-03-25 16:42:23,061: INFO: main: >>>>>> stage Model Trainer stage started <<<<<<]
[2025-03-25 16:42:23,066: INFO: common: yaml file: config\config.yaml loaded successfully]
[2025-03-25 16:42:23,068: INFO: common: yaml file: params.yaml loaded successfully]
[2025-03-25 16:42:23,071: INFO: common: yaml file: schema.yaml loaded successfully]
[2025-03-25 16:42:23,072: INFO: common: created directory at: artifacts]
[2025-03-25 16:42:23,073: INFO: common: created directory at: artifacts/model_trainer]
[2025-03-25 16:42:23,100: INFO: main: >>>>>> stage Model Trainer stage completed <<<<<<

x==========x]
[2025-03-25 16:42:23,100: INFO: main: >>>>>> stage Model evaluation stage started <<<<<<]
[2025-03-25 16:42:23,100: INFO: common: yaml file: config\config.yaml loaded successfully]
[2025-03-25 16:42:23,112: INFO: common: yaml file: params.yaml loaded successfully]
[2025-03-25 16:42:23,114: INFO: common: yaml file: schema.yaml loaded successfully]
[2025-03-25 16:42:23,115: INFO: common: created directory at: artifacts]
[2025-03-25 16:42:23,116: INFO: common: created directory at: artifacts/model_evaluation]
[2025-03-25 16:42:24,214: INFO: common: json file saved at: artifacts\model_evaluation\metrics.json]
[2025-03-25 16:42:32,146: INFO: main: >>>>>> stage Model evaluation stage completed <<<<<<

x==========x]
[2025-03-25 16:42:32,677: INFO: _internal: 192.168.148.133 - - [25/Mar/2025 16:42:32] "GET /train HTTP/1.1" 200 -]
[2025-03-25 16:42:46,537: INFO: _internal: 192.168.148.133 - - [25/Mar/2025 16:42:46] "GET / HTTP/1.1" 200 -]
[2025-03-25 16:42:46,591: INFO: _internal: 192.168.148.133 - - [25/Mar/2025 16:42:46] "[33mGET /static/assets/img/form-v9.jpg HTTP/1.1[0m" 404 -]
[2025-03-25 16:43:20,379: INFO: _internal: 192.168.148.133 - - [25/Mar/2025 16:43:20] "POST /predict HTTP/1.1" 200 -]
[2025-03-25 16:46:30,953: INFO: _internal: 192.168.148.133 - - [25/Mar/2025 16:46:30] "GET / HTTP/1.1" 200 -]
[2025-03-25 16:46:30,979: INFO: _internal: 192.168.148.133 - - [25/Mar/2025 16:46:30] "[33mGET /static/assets/img/form-v9.jpg HTTP/1.1[0m" 404 -]
[2025-03-25 16:47:38,244: INFO: main: >>>>>> stage Data Ingestion stage started <<<<<]
[2025-03-25 16:47:38,244: INFO: common: yaml file: config\config.yaml loaded successfully]
[2025-03-25 16:47:38,244: INFO: common: yaml file: params.yaml loaded successfully]
[2025-03-25 16:47:38,258: INFO: common: yaml file: schema.yaml loaded successfully]
[2025-03-25 16:47:38,259: INFO: common: created directory at: artifacts]
[2025-03-25 16:47:38,260: INFO: common: created directory at: artifacts/data_ingestion]
[2025-03-25 16:47:38,260: INFO: data_ingestion: File already exists]
[2025-03-25 16:47:38,262: INFO: main: >>>>> stage Data Ingestion stage completed <<<<<

x======x]
[2025-03-25 16:47:38,262: INFO: main: >>>>>> stage Data Validation stage started <<<<<]
[2025-03-25 16:47:38,268: INFO: common: yaml file: config\config.yaml loaded successfully]
[2025-03-25 16:47:38,270: INFO: common: yaml file: params.yaml loaded successfully]
[2025-03-25 16:47:38,272: INFO: common: yaml file: schema.yaml loaded successfully]
[2025-03-25 16:47:38,274: INFO: common: created directory at: artifacts]
[2025-03-25 16:47:38,275: INFO: common: created directory at: artifacts/data_validation]
[2025-03-25 16:47:38,296: INFO: main: >>>>> stage Data Validation stage completed <<<<<

x======x]
[2025-03-25 16:47:38,297: INFO: main: >>>>>> stage Data Transformation stage started <<<<<<]
[2025-03-25 16:47:38,303: INFO: common: yaml file: config\config.yaml loaded successfully]
[2025-03-25 16:47:38,305: INFO: common: yaml file: params.yaml loaded successfully]
[2025-03-25 16:47:38,307: INFO: common: yaml file: schema.yaml loaded successfully]
[2025-03-25 16:47:38,308: INFO: common: created directory at: artifacts]
[2025-03-25 16:47:38,310: INFO: common: created directory at: artifacts/data_transformation]
[2025-03-25 16:47:38,328: INFO: data_transformation: Splited data into training and test sets]
[2025-03-25 16:47:38,328: INFO: data_transformation: (1199, 12)]
[2025-03-25 16:47:38,328: INFO: data_transformation: (400, 12)]
[2025-03-25 16:47:38,328: INFO: main: >>>>>> stage Data Transformation stage completed <<<<<<

x==========x]
[2025-03-25 16:47:38,328: INFO: main: >>>>>> stage Model Trainer stage started <<<<<<]
[2025-03-25 16:47:38,328: INFO: common: yaml file: config\config.yaml loaded successfully]
[2025-03-25 16:47:38,328: INFO: common: yaml file: params.yaml loaded successfully]
[2025-03-25 16:47:38,343: INFO: common: yaml file: schema.yaml loaded successfully]
[2025-03-25 16:47:38,344: INFO: common: created directory at: artifacts]
[2025-03-25 16:47:38,344: INFO: common: created directory at: artifacts/model_trainer]
[2025-03-25 16:47:38,377: INFO: main: >>>>>> stage Model Trainer stage completed <<<<<<

x==========x]
[2025-03-25 16:47:38,378: INFO: main: >>>>>> stage Model evaluation stage started <<<<<<]
[2025-03-25 16:47:38,383: INFO: common: yaml file: config\config.yaml loaded successfully]
[2025-03-25 16:47:38,385: INFO: common: yaml file: params.yaml loaded successfully]
[2025-03-25 16:47:38,389: INFO: common: yaml file: schema.yaml loaded successfully]
[2025-03-25 16:47:38,389: INFO: common: created directory at: artifacts]
[2025-03-25 16:47:38,389: INFO: common: created directory at: artifacts/model_evaluation]
[2025-03-25 16:47:39,473: INFO: common: json file saved at: artifacts\model_evaluation\metrics.json]
[2025-03-25 16:47:45,661: INFO: main: >>>>>> stage Model evaluation stage completed <<<<<<

x==========x]
[2025-03-25 16:47:46,232: INFO: _internal: 192.168.148.133 - - [25/Mar/2025 16:47:46] "GET /train HTTP/1.1" 200 -]
[2025-03-25 16:48:02,726: INFO: main: >>>>>> stage Data Ingestion stage started <<<<<]
[2025-03-25 16:48:02,730: INFO: common: yaml file: config\config.yaml loaded successfully]
[2025-03-25 16:48:02,732: INFO: common: yaml file: params.yaml loaded successfully]
[2025-03-25 16:48:02,736: INFO: common: yaml file: schema.yaml loaded successfully]
[2025-03-25 16:48:02,737: INFO: common: created directory at: artifacts]
[2025-03-25 16:48:02,738: INFO: common: created directory at: artifacts/data_ingestion]
[2025-03-25 16:48:02,739: INFO: data_ingestion: File already exists]
[2025-03-25 16:48:02,742: INFO: main: >>>>> stage Data Ingestion stage completed <<<<<

x======x]
[2025-03-25 16:48:02,743: INFO: main: >>>>>> stage Data Validation stage started <<<<<]
[2025-03-25 16:48:02,747: INFO: common: yaml file: config\config.yaml loaded successfully]
[2025-03-25 16:48:02,757: INFO: common: yaml file: params.yaml loaded successfully]
[2025-03-25 16:48:02,760: INFO: common: yaml file: schema.yaml loaded successfully]
[2025-03-25 16:48:02,761: INFO: common: created directory at: artifacts]
[2025-03-25 16:48:02,762: INFO: common: created directory at: artifacts/data_validation]
[2025-03-25 16:48:02,780: INFO: main: >>>>> stage Data Validation stage completed <<<<<

x======x]
[2025-03-25 16:48:02,781: INFO: main: >>>>>> stage Data Transformation stage started <<<<<<]
[2025-03-25 16:48:02,786: INFO: common: yaml file: config\config.yaml loaded successfully]
[2025-03-25 16:48:02,788: INFO: common: yaml file: params.yaml loaded successfully]
[2025-03-25 16:48:02,791: INFO: common: yaml file: schema.yaml loaded successfully]
[2025-03-25 16:48:02,792: INFO: common: created directory at: artifacts]
[2025-03-25 16:48:02,792: INFO: common: created directory at: artifacts/data_transformation]
[2025-03-25 16:48:02,812: INFO: data_transformation: Splited data into training and test sets]
[2025-03-25 16:48:02,812: INFO: data_transformation: (1199, 12)]
[2025-03-25 16:48:02,813: INFO: data_transformation: (400, 12)]
[2025-03-25 16:48:02,813: INFO: main: >>>>>> stage Data Transformation stage completed <<<<<<

x==========x]
[2025-03-25 16:48:02,814: INFO: main: >>>>>> stage Model Trainer stage started <<<<<<]
[2025-03-25 16:48:02,817: INFO: common: yaml file: config\config.yaml loaded successfully]
[2025-03-25 16:48:02,817: INFO: common: yaml file: params.yaml loaded successfully]
[2025-03-25 16:48:02,822: INFO: common: yaml file: schema.yaml loaded successfully]
[2025-03-25 16:48:02,823: INFO: common: created directory at: artifacts]
[2025-03-25 16:48:02,824: INFO: common: created directory at: artifacts/model_trainer]
[2025-03-25 16:48:02,858: INFO: main: >>>>>> stage Model Trainer stage completed <<<<<<

x==========x]
[2025-03-25 16:48:02,859: INFO: main: >>>>>> stage Model evaluation stage started <<<<<<]
[2025-03-25 16:48:02,862: INFO: common: yaml file: config\config.yaml loaded successfully]
[2025-03-25 16:48:02,862: INFO: common: yaml file: params.yaml loaded successfully]
[2025-03-25 16:48:02,868: INFO: common: yaml file: schema.yaml loaded successfully]
[2025-03-25 16:48:02,869: INFO: common: created directory at: artifacts]
[2025-03-25 16:48:02,870: INFO: common: created directory at: artifacts/model_evaluation]
[2025-03-25 16:48:03,814: INFO: common: json file saved at: artifacts\model_evaluation\metrics.json]
[2025-03-25 16:48:09,678: INFO: main: >>>>>> stage Model evaluation stage completed <<<<<<

x==========x]
[2025-03-25 16:48:10,228: INFO: _internal: 192.168.148.133 - - [25/Mar/2025 16:48:10] "GET /train HTTP/1.1" 200 -]
[2025-03-25 16:48:27,622: INFO: _internal: 192.168.148.133 - - [25/Mar/2025 16:48:27] "GET / HTTP/1.1" 200 -]
[2025-03-25 16:48:27,669: INFO: _internal: 192.168.148.133 - - [25/Mar/2025 16:48:27] "[33mGET /static/assets/img/form-v9.jpg HTTP/1.1[0m" 404 -]
[2025-03-25 16:50:41,068: INFO: _internal: 192.168.148.133 - - [25/Mar/2025 16:50:41] "POST /predict HTTP/1.1" 200 -]
[2025-03-25 16:51:59,652: INFO: _internal: 192.168.148.133 - - [25/Mar/2025 16:51:59] "POST /predict HTTP/1.1" 200 -]
